Arguments: 
  C:\Program Files\nodejs\node.exe C:\Users\arif_\AppData\Roaming\npm\node_modules\yarn\bin\yarn.js add @pdf-lib/core

PATH: 
  C:\Program Files\Common Files\Oracle\Java\javapath;C:\WINDOWS\system32;C:\WINDOWS;C:\WINDOWS\System32\Wbem;C:\WINDOWS\System32\WindowsPowerShell\v1.0\;C:\WINDOWS\System32\OpenSSH\;C:\Program Files\dotnet\;C:\Program Files (x86)\Microsoft SQL Server\160\Tools\Binn\;C:\Program Files\Microsoft SQL Server\160\Tools\Binn\;C:\Program Files\Microsoft SQL Server\Client SDK\ODBC\170\Tools\Binn\;C:\Program Files\Microsoft SQL Server\160\DTS\Binn\;C:\Program Files\Azure Data Studio\bin;C:\Program Files\Microsoft SQL Server\150\Tools\Binn\;C:\Program Files (x86)\Microsoft SQL Server\160\DTS\Binn\;C:\Program Files\nodejs\;C:\Program Files (x86)\Bitvise SSH Client;C:\xampp\php;C:\ProgramData\ComposerSetup\bin;C:\Program Files\Git\cmd;C:\Users\arif_\.amplify\bin;C:\Users\arif_\AppData\Local\Programs\Python\Python311\Scripts\;C:\Users\arif_\AppData\Local\Programs\Python\Python311\;C:\Users\arif_\AppData\Local\Microsoft\WindowsApps;C:\Program Files\Azure Data Studio\bin;C:\Users\arif_\.dotnet\tools;C:\Users\arif_\AppData\Local\Programs\Microsoft VS Code\bin;C:\Users\arif_\Desktop\Scraper;C:\Program Files\Wireshark;C:\Users\arif_\AppData\Roaming\npm;C:\Users\arif_\AppData\Roaming\Composer\vendor\bin

Yarn version: 
  1.22.19

Node version: 
  18.16.0

Platform: 
  win32 x64

Trace: 
  Error: https://registry.yarnpkg.com/@pdf-lib%2fcore: Not found
      at params.callback [as _callback] (C:\Users\arif_\AppData\Roaming\npm\node_modules\yarn\lib\cli.js:66145:18)
      at self.callback (C:\Users\arif_\AppData\Roaming\npm\node_modules\yarn\lib\cli.js:140890:22)
      at Request.emit (node:events:513:28)
      at Request.<anonymous> (C:\Users\arif_\AppData\Roaming\npm\node_modules\yarn\lib\cli.js:141862:10)
      at Request.emit (node:events:513:28)
      at IncomingMessage.<anonymous> (C:\Users\arif_\AppData\Roaming\npm\node_modules\yarn\lib\cli.js:141784:12)
      at Object.onceWrapper (node:events:627:28)
      at IncomingMessage.emit (node:events:525:35)
      at endReadableNT (node:internal/streams/readable:1359:12)
      at process.processTicksAndRejections (node:internal/process/task_queues:82:21)

npm manifest: 
  {
    "name": "open-pro-next",
    "version": "0.1.0",
    "private": true,
    "scripts": {
      "dev": "next dev",
      "build": "next build",
      "start": "next start",
      "lint": "next lint"
    },
    "dependencies": {
      "@google-cloud/dialogflow": "^5.9.0",
      "@headlessui/react": "^1.7.13",
      "@react-pdf/renderer": "^3.1.13",
      "@types/jsonwebtoken": "^9.0.2",
      "@types/node": "^18.15.11",
      "@types/react-modal": "^3.16.1",
      "aos": "^3.0.0-beta.6",
      "axios": "^1.5.0",
      "dialogflow": "^1.2.0",
      "dotenv": "^16.3.1",
      "express-session": "^1.17.3",
      "geolocation-utils": "^1.2.5",
      "google-auth-library": "^8.9.0",
      "googleapis": "^120.0.0",
      "i18next": "^22.5.0",
      "i18next-http-backend": "^2.2.1",
      "js-cookie": "^3.0.5",
      "jsonwebtoken": "^9.0.1",
      "next": "^13.4.3",
      "next-iron-session": "^4.2.0",
      "next-transpile-modules": "^10.0.0",
      "nodemailer": "^6.9.5",
      "nodemailer-smtp-transport": "^2.7.4",
      "puppeteer": "^21.1.0",
      "react": "^18.2.0",
      "react-datepicker": "^4.11.0",
      "react-dom": "^18.2.0",
      "react-i18next": "^12.3.1",
      "react-modal": "^3.16.1",
      "react-native-dialogflow": "^3.2.2",
      "router": "^1.3.8",
      "sharp": "^0.32.1",
      "typescript": "^5.0.4",
      "uuid": "^9.0.0"
    },
    "devDependencies": {
      "@tailwindcss/forms": "^0.5.3",
      "@types/aos": "^3.0.4",
      "@types/dialogflow": "^4.0.4",
      "@types/js-cookie": "^3.0.3",
      "@types/nodemailer": "^6.4.11",
      "@types/nodemailer-smtp-transport": "^2.7.6",
      "@types/react": "^16.14.41",
      "@types/react-datepicker": "^4.11.2",
      "@types/react-dom": "^18.2.4",
      "@types/react-native-dialogflow": "^3.2.1",
      "@types/uuid": "^9.0.2",
      "autoprefixer": "^10.4.14",
      "postcss": "^8.4.21",
      "tailwindcss": "^3.3.1"
    }
  }

yarn manifest: 
  No manifest

Lockfile: 
  No lockfile
